<?xml version="1.0" encoding="UTF-8"?>
<testsuite name="com.bishojo.designpatterns.strategy.test.MuteQuackTest" tests="3" skipped="0" failures="0" errors="0" timestamp="2021-02-14T18:34:22" hostname="Katjas-Air.local" time="0.096">
  <properties/>
  <testcase name="testQuackMethodCalledOneTime()" classname="com.bishojo.designpatterns.strategy.test.MuteQuackTest" time="0.051"/>
  <testcase name="testCanNotQuack()" classname="com.bishojo.designpatterns.strategy.test.MuteQuackTest" time="0.007"/>
  <testcase name="testQuackMethodCalled()" classname="com.bishojo.designpatterns.strategy.test.MuteQuackTest" time="0.013"/>
  <system-out><![CDATA[]]></system-out>
  <system-err><![CDATA[]]></system-err>
</testsuite>
