<?xml version="1.0" encoding="UTF-8"?>
<testsuite name="com.bishojo.designpatterns.strategy.test.MuteQuackTest" tests="1" skipped="0" failures="0" errors="0" timestamp="2021-02-14T15:30:54" hostname="Katjas-Air.local" time="0.055">
  <properties/>
  <testcase name="out()" classname="com.bishojo.designpatterns.strategy.test.MuteQuackTest" time="0.055"/>
  <system-out><![CDATA[]]></system-out>
  <system-err><![CDATA[]]></system-err>
</testsuite>
